2025-12-29 10:52:24 - root - INFO - Logger initialized. Log file: logs\latest_run.log
2025-12-29 10:52:24 - main - INFO - 
Processing Topology: GtsCe...
2025-12-29 10:52:24 - main - INFO - Generating BA Scale-Free Network (N=50, m=3)...
2025-12-29 10:52:59 - root - INFO - Logger initialized. Log file: logs\latest_run.log
2025-12-29 10:52:59 - __main__ - INFO - 
Processing Topology: GtsCe...
2025-12-29 10:52:59 - __main__ - INFO - Generating BA Scale-Free Network (N=50, m=3)...
2025-12-29 10:56:54 - root - INFO - Logger initialized. Log file: logs\latest_run.log
2025-12-29 10:56:54 - __main__ - INFO - 
Processing Topology: GtsCe...
2025-12-29 10:56:54 - __main__ - INFO - Generating BA Scale-Free Network (N=50, m=3)...
2025-12-29 11:07:07 - root - INFO - Logger initialized. Log file: logs\latest_run.log
2025-12-29 11:07:07 - __main__ - INFO - 
Processing Topology: GtsCe...
2025-12-29 11:09:42 - root - INFO - Logger initialized. Log file: logs\latest_run.log
2025-12-29 11:09:42 - __main__ - INFO - 
Processing Topology: GtsCe...
2025-12-29 11:40:57 - root - INFO - Logger initialized. Log file: logs\latest_run.log
2025-12-29 11:40:57 - __main__ - INFO - 
Processing Topology: GtsCe...
2025-12-29 15:44:01 - root - INFO - Logger initialized. Log file: logs\latest_run.log
2025-12-29 15:44:01 - __main__ - INFO - 
Processing Topology: GtsCe...
2025-12-29 15:47:07 - root - INFO - Logger initialized. Log file: logs\latest_run.log
2025-12-29 15:47:07 - __main__ - INFO - 
Processing Topology: GtsCe...
2025-12-29 16:12:10 - root - INFO - Logger initialized. Log file: logs\latest_run.log
2025-12-29 16:12:10 - __main__ - INFO - 
Processing Topology: GtsCe...
2025-12-29 17:03:48 - root - INFO - Logger initialized. Log file: logs\latest_run.log
2025-12-29 17:03:48 - __main__ - INFO - 
Processing Topology: GtsCe...
2025-12-29 17:07:40 - root - INFO - Logger initialized. Log file: logs\latest_run.log
2025-12-29 17:07:40 - __main__ - INFO - 
Processing Topology: GtsCe...
2025-12-29 17:47:51 - root - INFO - Logger initialized. Log file: logs\latest_run.log
2025-12-29 17:47:51 - __main__ - INFO - 
Processing Topology: GtsCe...
2025-12-29 21:14:14 - root - INFO - Logger initialized. Log file: logs\latest_run.log
2025-12-29 21:14:14 - __main__ - INFO - 
Processing Topology: GtsCe...
2025-12-29 21:21:49 - root - INFO - Logger initialized. Log file: logs\latest_run.log
2025-12-29 21:21:49 - __main__ - INFO - 
Processing Topology: GtsCe...
2025-12-29 21:54:30 - root - INFO - Logger initialized. Log file: logs\latest_run.log
2025-12-29 21:54:30 - __main__ - INFO - 
Processing Topology: GtsCe...
2025-12-29 22:00:26 - root - INFO - Logger initialized. Log file: logs\latest_run.log
2025-12-29 22:00:26 - __main__ - INFO - 
Processing Topology: BA_100...
2025-12-29 22:39:21 - root - INFO - Logger initialized. Log file: logs\latest_run.log
2025-12-29 22:39:21 - __main__ - INFO - 
Processing Topology: BA_100...
2025-12-29 23:15:44 - root - INFO - Logger initialized. Log file: logs\latest_run.log
2025-12-29 23:15:44 - __main__ - INFO - 
Processing Topology: BA_200...
2025-12-30 02:13:45 - root - INFO - Logger initialized. Log file: logs\latest_run.log
2025-12-30 02:13:45 - __main__ - INFO - 
Processing Topology: BA_200...
2025-12-30 05:03:43 - root - INFO - Logger initialized. Log file: logs\latest_run.log
2025-12-30 05:03:43 - __main__ - INFO - 
Processing Topology: BA_50...
2025-12-30 05:14:08 - root - INFO - Logger initialized. Log file: logs\latest_run.log
2025-12-30 05:14:08 - __main__ - INFO - 
Processing Topology: BA_50...
2025-12-30 05:24:35 - root - INFO - Logger initialized. Log file: logs\latest_run.log
2025-12-30 05:24:35 - __main__ - INFO - 
Processing Topology: BA_500...
2025-12-30 20:56:15 - root - INFO - Logger initialized. Log file: logs\latest_run.log
2025-12-30 20:56:15 - __main__ - INFO - 
Processing Topology: BA_500...
2025-12-31 09:07:24 - root - INFO - Logger initialized. Log file: logs\latest_run.log
2025-12-31 09:07:24 - __main__ - INFO - 
Processing Topology: Chinanet...
2025-12-31 09:09:25 - root - INFO - Logger initialized. Log file: logs\latest_run.log
2025-12-31 09:09:25 - __main__ - INFO - 
Processing Topology: Chinanet...
2025-12-31 09:11:29 - root - INFO - Logger initialized. Log file: logs\latest_run.log
2025-12-31 09:11:29 - __main__ - INFO - 
Processing Topology: Cogentco...
2025-12-31 09:47:07 - root - INFO - Logger initialized. Log file: logs\latest_run.log
2025-12-31 09:47:07 - __main__ - INFO - 
Processing Topology: Cogentco...
2025-12-31 10:22:54 - root - INFO - Logger initialized. Log file: logs\latest_run.log
2025-12-31 10:22:54 - __main__ - INFO - 
Processing Topology: Colt...
2025-12-31 10:45:35 - root - INFO - Logger initialized. Log file: logs\latest_run.log
2025-12-31 10:45:35 - __main__ - INFO - 
Processing Topology: Colt...
2025-12-31 11:08:23 - root - INFO - Logger initialized. Log file: logs\latest_run.log
2025-12-31 11:08:23 - __main__ - INFO - 
Processing Topology: GtsCe...
2025-12-31 11:30:04 - root - INFO - Logger initialized. Log file: logs\latest_run.log
2025-12-31 11:30:04 - __main__ - INFO - 
Processing Topology: GtsCe...
2025-12-31 13:07:30 - root - INFO - Logger initialized. Log file: logs\latest_run.log
2025-12-31 13:07:30 - __main__ - INFO - 
Processing Topology: UsCarrier...
2025-12-31 13:32:02 - root - INFO - Logger initialized. Log file: logs\latest_run.log
2025-12-31 13:32:02 - __main__ - INFO - 
Processing Topology: UsCarrier...
2026-01-05 09:58:28 - root - INFO - Logger initialized. Log file: logs\latest_run.log
2026-01-05 09:58:28 - __main__ - INFO - 
Processing Topology: GtsCe...
2026-01-06 10:52:59 - root - INFO - Logger initialized. Log file: logs\latest_run.log
2026-01-06 10:52:59 - __main__ - INFO - 
Processing Topology: GtsCe...
2026-01-06 10:54:09 - root - INFO - Logger initialized. Log file: logs\latest_run.log
2026-01-06 10:54:09 - __main__ - INFO - 
Processing Topology: GtsCe...
2026-01-06 10:54:09 - __main__ - INFO - Generating BA Scale-Free Network (N=50, m=3)...
2026-01-06 10:55:24 - root - INFO - Logger initialized. Log file: logs\latest_run.log
2026-01-06 10:55:24 - __main__ - INFO - 
Processing Topology: GtsCe...
2026-01-06 10:55:24 - __main__ - INFO - Generating BA Scale-Free Network (N=50, m=3)...
2026-01-06 10:58:05 - root - INFO - Logger initialized. Log file: logs\latest_run.log
2026-01-06 10:58:05 - __main__ - INFO - 
Processing Topology: GtsCe...
2026-01-06 10:58:05 - __main__ - INFO - Generating BA Scale-Free Network (N=50, m=3)...
2026-01-06 11:21:54 - root - INFO - Logger initialized. Log file: logs\latest_run.log
2026-01-06 11:21:54 - __main__ - INFO - 
Processing Topology: Chinanet...
2026-01-06 11:22:16 - root - INFO - Logger initialized. Log file: logs\latest_run.log
2026-01-06 11:22:16 - __main__ - INFO - 
Processing Topology: Chinanet...
2026-01-06 11:22:40 - root - INFO - Logger initialized. Log file: logs\latest_run.log
2026-01-06 11:22:40 - __main__ - INFO - 
Processing Topology: Cogentco...
2026-01-06 11:26:25 - root - INFO - Logger initialized. Log file: logs\latest_run.log
2026-01-06 11:26:25 - __main__ - INFO - 
Processing Topology: Cogentco...
2026-01-06 11:30:18 - root - INFO - Logger initialized. Log file: logs\latest_run.log
2026-01-06 11:30:18 - __main__ - INFO - 
Processing Topology: Colt...
2026-01-06 11:32:51 - root - INFO - Logger initialized. Log file: logs\latest_run.log
2026-01-06 11:32:51 - __main__ - INFO - 
Processing Topology: Colt...
2026-01-06 11:35:25 - root - INFO - Logger initialized. Log file: logs\latest_run.log
2026-01-06 11:35:25 - __main__ - INFO - 
Processing Topology: GtsCe...
2026-01-06 11:37:47 - root - INFO - Logger initialized. Log file: logs\latest_run.log
2026-01-06 11:37:47 - __main__ - INFO - 
Processing Topology: GtsCe...
2026-01-06 11:40:07 - root - INFO - Logger initialized. Log file: logs\latest_run.log
2026-01-06 11:40:07 - __main__ - INFO - 
Processing Topology: UsCarrier...
2026-01-06 11:42:35 - root - INFO - Logger initialized. Log file: logs\latest_run.log
2026-01-06 11:42:35 - __main__ - INFO - 
Processing Topology: UsCarrier...
2026-01-06 15:20:29 - root - INFO - Logger initialized. Log file: logs\latest_run.log
2026-01-06 15:20:29 - __main__ - INFO - 
Processing Topology: Chinanet...
2026-01-06 15:20:52 - root - INFO - Logger initialized. Log file: logs\latest_run.log
2026-01-06 15:20:52 - __main__ - INFO - 
Processing Topology: Chinanet...
2026-01-06 15:21:16 - root - INFO - Logger initialized. Log file: logs\latest_run.log
2026-01-06 15:21:16 - __main__ - INFO - 
Processing Topology: Cogentco...
2026-01-06 15:25:11 - root - INFO - Logger initialized. Log file: logs\latest_run.log
2026-01-06 15:25:11 - __main__ - INFO - 
Processing Topology: Cogentco...
2026-01-06 15:28:58 - root - INFO - Logger initialized. Log file: logs\latest_run.log
2026-01-06 15:28:58 - __main__ - INFO - 
Processing Topology: Colt...
2026-01-06 15:31:42 - root - INFO - Logger initialized. Log file: logs\latest_run.log
2026-01-06 15:31:42 - __main__ - INFO - 
Processing Topology: Colt...
2026-01-06 15:34:17 - root - INFO - Logger initialized. Log file: logs\latest_run.log
2026-01-06 15:34:17 - __main__ - INFO - 
Processing Topology: GtsCe...
2026-01-06 15:36:44 - root - INFO - Logger initialized. Log file: logs\latest_run.log
2026-01-06 15:36:44 - __main__ - INFO - 
Processing Topology: GtsCe...
2026-01-06 15:39:09 - root - INFO - Logger initialized. Log file: logs\latest_run.log
2026-01-06 15:39:09 - __main__ - INFO - 
Processing Topology: UsCarrier...
2026-01-06 15:41:43 - root - INFO - Logger initialized. Log file: logs\latest_run.log
2026-01-06 15:41:43 - __main__ - INFO - 
Processing Topology: UsCarrier...
2026-01-07 22:12:42 - root - INFO - Logger initialized. Log file: logs\latest_run.log
2026-01-07 22:12:42 - __main__ - INFO - 
Processing Topology: GtsCe...
2026-01-07 22:12:42 - __main__ - INFO - Generating BA Scale-Free Network (N=50, m=3)...
2026-01-07 22:15:14 - root - INFO - Logger initialized. Log file: logs\latest_run.log
2026-01-07 22:15:14 - __main__ - INFO - 
Processing Topology: Colt...
2026-01-07 22:22:44 - root - INFO - Logger initialized. Log file: logs\latest_run.log
2026-01-07 22:22:44 - __main__ - INFO - 
Processing Topology: Colt...
2026-01-07 22:28:53 - root - INFO - Logger initialized. Log file: logs\latest_run.log
2026-01-07 22:28:53 - __main__ - INFO - 
Processing Topology: Colt...
2026-01-07 23:06:46 - root - INFO - Logger initialized. Log file: logs\latest_run.log
2026-01-07 23:06:46 - __main__ - INFO - 
Processing Topology: Colt...
2026-01-07 23:29:05 - root - INFO - Logger initialized. Log file: logs\latest_run.log
2026-01-07 23:29:05 - __main__ - INFO - 
Processing Topology: Colt...
2026-01-07 23:37:14 - root - INFO - Logger initialized. Log file: logs\latest_run.log
2026-01-07 23:37:14 - __main__ - INFO - 
Processing Topology: GtsCe...
2026-01-07 23:37:14 - __main__ - INFO - Generating BA Scale-Free Network (N=100, m=3)...
2026-01-07 23:45:30 - root - INFO - Logger initialized. Log file: logs\latest_run.log
2026-01-07 23:45:30 - __main__ - INFO - 
Processing Topology: GtsCe...
2026-01-07 23:45:30 - __main__ - INFO - Generating BA Scale-Free Network (N=100, m=3)...
2026-01-08 01:51:09 - root - INFO - Logger initialized. Log file: logs\latest_run.log
2026-01-08 01:51:09 - __main__ - INFO - 
Processing Topology: GtsCe...
2026-01-08 01:51:09 - __main__ - INFO - Generating BA Scale-Free Network (N=50, m=3)...
2026-01-08 01:53:23 - root - INFO - Logger initialized. Log file: logs\latest_run.log
2026-01-08 01:53:23 - __main__ - INFO - 
Processing Topology: GtsCe...
2026-01-08 01:53:23 - __main__ - INFO - Generating BA Scale-Free Network (N=50, m=3)...
2026-01-08 02:04:31 - root - INFO - Logger initialized. Log file: logs\latest_run.log
2026-01-08 02:04:31 - __main__ - INFO - 
Processing Topology: GtsCe...
2026-01-08 02:04:31 - __main__ - INFO - Generating BA Scale-Free Network (N=50, m=3)...
2026-01-08 02:13:28 - root - INFO - Logger initialized. Log file: logs\latest_run.log
2026-01-08 02:13:28 - __main__ - INFO - 
Processing Topology: Colt...
2026-01-08 02:41:05 - root - INFO - Logger initialized. Log file: logs\latest_run.log
2026-01-08 02:41:05 - __main__ - INFO - 
Processing Topology: Colt...
2026-01-08 10:21:11 - root - INFO - Logger initialized. Log file: logs\latest_run.log
2026-01-08 10:21:11 - __main__ - INFO - 
Processing Topology: Colt...
2026-01-08 10:26:34 - root - INFO - Logger initialized. Log file: logs\latest_run.log
2026-01-08 10:26:34 - __main__ - INFO - 
Processing Topology: Colt...
2026-01-08 15:11:34 - root - INFO - Logger initialized. Log file: logs\latest_run.log
2026-01-08 15:11:34 - __main__ - INFO - 
Processing Topology: GtsCe...
2026-01-08 15:11:34 - __main__ - INFO - Generating BA Scale-Free Network (N=50, m=3)...
2026-01-08 15:48:51 - root - INFO - Logger initialized. Log file: logs\latest_run.log
2026-01-08 15:48:51 - __main__ - INFO - 
Processing Topology: GtsCe...
2026-01-08 15:48:51 - __main__ - INFO - Generating BA Scale-Free Network (N=50, m=3)...
2026-01-08 15:50:35 - root - INFO - Logger initialized. Log file: logs\latest_run.log
2026-01-08 15:50:35 - __main__ - INFO - 
Processing Topology: GtsCe...
2026-01-08 15:50:35 - __main__ - INFO - Generating BA Scale-Free Network (N=50, m=3)...
2026-01-08 15:53:39 - root - INFO - Logger initialized. Log file: logs\latest_run.log
2026-01-08 15:53:39 - __main__ - INFO - 
Processing Topology: GtsCe...
2026-01-08 15:53:39 - __main__ - INFO - Generating BA Scale-Free Network (N=50, m=3)...
2026-01-08 16:17:24 - root - INFO - Logger initialized. Log file: logs\latest_run.log
2026-01-08 16:17:24 - __main__ - INFO - 
Processing Topology: GtsCe...
2026-01-08 16:17:24 - __main__ - INFO - Generating BA Scale-Free Network (N=50, m=3)...
2026-01-08 16:19:16 - root - INFO - Logger initialized. Log file: logs\latest_run.log
2026-01-08 16:19:16 - __main__ - INFO - 
Processing Topology: GtsCe...
2026-01-08 16:19:16 - __main__ - INFO - Generating BA Scale-Free Network (N=50, m=3)...
2026-01-08 16:25:12 - root - INFO - Logger initialized. Log file: logs\latest_run.log
2026-01-08 16:25:12 - __main__ - INFO - 
Processing Topology: GtsCe...
2026-01-08 16:25:12 - __main__ - INFO - Generating BA Scale-Free Network (N=50, m=3)...
2026-01-08 16:29:41 - root - INFO - Logger initialized. Log file: logs\latest_run.log
2026-01-08 16:29:41 - __main__ - INFO - 
Processing Topology: GtsCe...
2026-01-08 16:29:41 - __main__ - INFO - Generating BA Scale-Free Network (N=50, m=3)...
2026-01-08 16:31:56 - root - INFO - Logger initialized. Log file: logs\latest_run.log
2026-01-08 16:31:56 - __main__ - INFO - 
Processing Topology: GtsCe...
2026-01-08 16:31:56 - __main__ - INFO - Generating BA Scale-Free Network (N=50, m=3)...
2026-01-08 16:34:41 - root - INFO - Logger initialized. Log file: logs\latest_run.log
2026-01-08 16:34:41 - __main__ - INFO - 
Processing Topology: GtsCe...
2026-01-08 16:34:41 - __main__ - INFO - Generating BA Scale-Free Network (N=50, m=3)...
2026-01-08 16:37:01 - root - INFO - Logger initialized. Log file: logs\latest_run.log
2026-01-08 16:37:01 - __main__ - INFO - 
Processing Topology: GtsCe...
2026-01-08 16:37:01 - __main__ - INFO - Generating BA Scale-Free Network (N=50, m=3)...
2026-01-08 16:40:39 - root - INFO - Logger initialized. Log file: logs\latest_run.log
2026-01-08 16:40:39 - __main__ - INFO - 
Processing Topology: GtsCe...
2026-01-08 16:40:39 - __main__ - INFO - Generating BA Scale-Free Network (N=50, m=3)...
2026-01-08 17:18:18 - root - INFO - Logger initialized. Log file: logs\latest_run.log
2026-01-08 17:18:18 - __main__ - INFO - 
Processing Topology: GtsCe...
2026-01-08 17:18:18 - __main__ - INFO - Generating BA Scale-Free Network (N=50, m=3)...
2026-01-08 17:18:56 - root - INFO - Logger initialized. Log file: logs\latest_run.log
2026-01-08 17:18:56 - __main__ - INFO - 
Processing Topology: GtsCe...
2026-01-08 17:18:56 - __main__ - INFO - Generating BA Scale-Free Network (N=50, m=3)...
2026-01-08 17:19:54 - root - INFO - Logger initialized. Log file: logs\latest_run.log
2026-01-08 17:19:54 - __main__ - INFO - 
Processing Topology: GtsCe...
2026-01-08 17:19:54 - __main__ - INFO - Generating BA Scale-Free Network (N=50, m=3)...
2026-01-08 17:22:11 - root - INFO - Logger initialized. Log file: logs\latest_run.log
2026-01-08 17:22:11 - __main__ - INFO - 
Processing Topology: GtsCe...
2026-01-08 17:22:11 - __main__ - INFO - Generating BA Scale-Free Network (N=50, m=3)...
2026-01-09 09:00:13 - root - INFO - Logger initialized. Log file: logs\latest_run.log
2026-01-09 09:00:13 - __main__ - INFO - 
Processing Topology: GtsCe...
2026-01-09 09:06:55 - root - INFO - Logger initialized. Log file: logs\latest_run.log
2026-01-09 09:06:55 - __main__ - INFO - 
Processing Topology: GtsCe...
2026-01-09 09:13:17 - root - INFO - Logger initialized. Log file: logs\latest_run.log
2026-01-09 09:13:17 - __main__ - INFO - 
Processing Topology: GtsCe...
2026-01-09 09:50:28 - root - INFO - Logger initialized. Log file: logs\latest_run.log
2026-01-09 09:50:28 - __main__ - INFO - 
Processing Topology: GtsCe...
2026-01-09 09:50:28 - __main__ - INFO - Generating BA Scale-Free Network (N=50, m=3)...
2026-01-09 09:51:12 - root - INFO - Logger initialized. Log file: logs\latest_run.log
2026-01-09 09:51:12 - __main__ - INFO - 
Processing Topology: GtsCe...
2026-01-09 09:51:12 - __main__ - INFO - Generating BA Scale-Free Network (N=50, m=3)...
2026-01-09 09:51:37 - root - INFO - Logger initialized. Log file: logs\latest_run.log
2026-01-09 09:51:37 - __main__ - INFO - 
Processing Topology: GtsCe...
2026-01-09 09:51:37 - __main__ - INFO - Generating BA Scale-Free Network (N=50, m=3)...
2026-01-12 11:07:27 - root - INFO - Logger initialized. Log file: logs\latest_run.log
2026-01-12 11:07:27 - __main__ - INFO - 
Processing Topology: GtsCe...
2026-01-12 11:07:27 - __main__ - INFO - Generating BA Scale-Free Network (N=100, m=3)...
2026-01-12 11:14:31 - root - INFO - Logger initialized. Log file: logs\latest_run.log
2026-01-12 11:14:31 - __main__ - INFO - 
Processing Topology: GtsCe...
2026-01-12 11:14:31 - __main__ - INFO - Generating BA Scale-Free Network (N=100, m=3)...
2026-01-12 11:21:22 - root - INFO - Logger initialized. Log file: logs\latest_run.log
2026-01-12 11:21:22 - __main__ - INFO - 
Processing Topology: GtsCe...
2026-01-12 11:22:14 - root - INFO - Logger initialized. Log file: logs\latest_run.log
2026-01-12 11:22:14 - __main__ - INFO - 
Processing Topology: GtsCe...
2026-01-12 11:32:56 - root - INFO - Logger initialized. Log file: logs\latest_run.log
2026-01-12 11:32:56 - __main__ - INFO - 
Processing Topology: GtsCe...
2026-01-12 11:32:56 - __main__ - INFO - Generating BA Scale-Free Network (N=100, m=3)...
2026-01-12 14:45:51 - root - INFO - Logger initialized. Log file: logs\latest_run.log
2026-01-12 14:45:51 - __main__ - INFO - 
Processing Topology: GtsCe...
2026-01-12 16:23:16 - root - INFO - Logger initialized. Log file: logs\latest_run.log
2026-01-12 16:23:16 - __main__ - INFO - 
Processing Topology: GtsCe...
2026-01-12 16:23:16 - __main__ - INFO - Generating BA Scale-Free Network (N=100, m=3)...
2026-01-12 16:46:38 - root - INFO - Logger initialized. Log file: logs\latest_run.log
2026-01-12 16:46:38 - __main__ - INFO - 
Processing Topology: GtsCe...
2026-01-12 16:46:38 - __main__ - INFO - Generating BA Scale-Free Network (N=100, m=3)...
2026-01-12 16:49:57 - root - INFO - Logger initialized. Log file: logs\latest_run.log
2026-01-12 16:49:57 - __main__ - INFO - 
Processing Topology: GtsCe...
2026-01-12 16:49:57 - __main__ - INFO - Generating BA Scale-Free Network (N=100, m=3)...
2026-01-12 16:54:22 - root - INFO - Logger initialized. Log file: logs\latest_run.log
2026-01-12 16:54:22 - __main__ - INFO - 
Processing Topology: GtsCe...
2026-01-12 16:54:22 - __main__ - INFO - Generating BA Scale-Free Network (N=100, m=3)...
2026-01-12 17:20:20 - root - INFO - Logger initialized. Log file: logs\latest_run.log
2026-01-12 17:20:20 - __main__ - INFO - 
Processing Topology: GtsCe...
2026-01-12 17:20:20 - __main__ - INFO - Generating BA Scale-Free Network (N=100, m=3)...
2026-01-12 18:05:13 - root - INFO - Logger initialized. Log file: logs\latest_run.log
2026-01-12 18:05:13 - __main__ - INFO - 
Processing Topology: GtsCe...
2026-01-12 18:05:13 - __main__ - INFO - Generating BA Scale-Free Network (N=100, m=3)...
2026-01-12 20:31:25 - root - INFO - Logger initialized. Log file: logs\latest_run.log
2026-01-12 20:51:08 - root - INFO - Logger initialized. Log file: logs\latest_run.log
2026-01-12 21:25:09 - root - INFO - Logger initialized. Log file: logs\latest_run.log
2026-01-12 21:44:09 - root - INFO - Logger initialized. Log file: logs\latest_run.log
2026-01-12 22:53:50 - root - INFO - Logger initialized. Log file: logs\latest_run.log
2026-01-12 23:24:42 - root - INFO - Logger initialized. Log file: logs\latest_run.log
2026-01-13 00:43:35 - root - INFO - Logger initialized. Log file: logs\latest_run.log
2026-01-13 01:08:42 - root - INFO - Logger initialized. Log file: logs\latest_run.log
2026-01-13 01:42:39 - root - INFO - Logger initialized. Log file: logs\latest_run.log
2026-01-13 01:48:01 - root - INFO - Logger initialized. Log file: logs\latest_run.log
2026-01-13 02:35:34 - root - INFO - Logger initialized. Log file: logs\latest_run.log
2026-01-13 02:37:08 - root - INFO - Logger initialized. Log file: logs\latest_run.log
2026-01-13 02:38:42 - root - INFO - Logger initialized. Log file: logs\latest_run.log
2026-01-13 08:52:20 - root - INFO - Logger initialized. Log file: logs\latest_run.log
2026-01-13 08:53:38 - root - INFO - Logger initialized. Log file: logs\latest_run.log
2026-01-13 08:53:55 - root - INFO - Logger initialized. Log file: logs\latest_run.log
2026-01-13 09:13:16 - root - INFO - Logger initialized. Log file: logs\latest_run.log
2026-01-13 09:18:52 - root - INFO - Logger initialized. Log file: logs\latest_run.log
2026-01-13 09:31:19 - root - INFO - Logger initialized. Log file: logs\latest_run.log
2026-01-13 09:39:06 - root - INFO - Logger initialized. Log file: logs\latest_run.log
2026-01-13 09:51:41 - root - INFO - Logger initialized. Log file: logs\latest_run.log
2026-01-13 09:59:16 - root - INFO - Logger initialized. Log file: logs\latest_run.log
2026-01-13 10:00:47 - root - INFO - Logger initialized. Log file: logs\latest_run.log
2026-01-13 10:03:55 - root - INFO - Logger initialized. Log file: logs\latest_run.log
2026-01-13 10:07:09 - root - INFO - Logger initialized. Log file: logs\latest_run.log
2026-01-13 10:34:01 - root - INFO - Logger initialized. Log file: logs\latest_run.log
2026-01-13 10:41:22 - root - INFO - Logger initialized. Log file: logs\latest_run.log
2026-01-13 11:01:12 - root - INFO - Logger initialized. Log file: logs\latest_run.log
2026-01-13 11:02:53 - root - INFO - Logger initialized. Log file: logs\latest_run.log
2026-01-13 11:04:27 - root - INFO - Logger initialized. Log file: logs\latest_run.log
2026-01-13 11:04:50 - root - INFO - Logger initialized. Log file: logs\latest_run.log
2026-01-13 11:06:17 - root - INFO - Logger initialized. Log file: logs\latest_run.log
2026-01-13 11:07:41 - root - INFO - Logger initialized. Log file: logs\latest_run.log
2026-01-13 11:09:36 - root - INFO - Logger initialized. Log file: logs\latest_run.log
2026-01-13 15:26:59 - root - INFO - Logger initialized. Log file: logs\latest_run.log
2026-01-13 15:42:35 - root - INFO - Logger initialized. Log file: logs\latest_run.log
2026-01-13 16:20:40 - root - INFO - Logger initialized. Log file: logs\latest_run.log
2026-01-13 16:32:20 - root - INFO - Logger initialized. Log file: logs\latest_run.log
2026-01-13 16:34:27 - root - INFO - Logger initialized. Log file: logs\latest_run.log
2026-01-13 16:35:39 - root - INFO - Logger initialized. Log file: logs\latest_run.log
2026-01-13 16:52:38 - root - INFO - Logger initialized. Log file: logs\latest_run.log
2026-01-13 17:13:31 - root - INFO - Logger initialized. Log file: logs\latest_run.log
2026-01-13 17:17:14 - root - INFO - Logger initialized. Log file: logs\latest_run.log
2026-01-14 08:34:53 - root - INFO - Logger initialized. Log file: logs\latest_run.log
2026-01-14 10:20:21 - root - INFO - Logger initialized. Log file: logs\latest_run.log
2026-01-14 10:37:24 - root - INFO - Logger initialized. Log file: logs\latest_run.log
2026-01-14 10:41:16 - root - INFO - Logger initialized. Log file: logs\latest_run.log
2026-01-14 15:02:31 - root - INFO - Logger initialized. Log file: logs\latest_run.log
